<?xml version="1.0" ?>
<coverage branch-rate="0" branches-covered="0" branches-valid="0" complexity="0" line-rate="1" lines-covered="0" lines-valid="0" timestamp="1564568986166" version="4.5.4">
	<!-- Generated by coverage.py: https://coverage.readthedocs.io -->
	<!-- Based on https://raw.githubusercontent.com/cobertura/web/master/htdocs/xml/coverage-04.dtd -->
	<sources>
		<source>/Users/gianmarco.donetti/repository/pyspark-ingestion</source>
	</sources>
	<packages>
		<package branch-rate="0" complexity="0" line-rate="1" name="bin">
			<classes>
				<class branch-rate="0" complexity="0" filename="bin/__init__.py" line-rate="1" name="__init__.py">
					<methods/>
					<lines/>
				</class>
			</classes>
		</package>
		<package branch-rate="0" complexity="0" line-rate="1" name="bin.etl">
			<classes>
				<class branch-rate="0" complexity="0" filename="bin/etl/__init__.py" line-rate="1" name="__init__.py">
					<methods/>
					<lines/>
				</class>
			</classes>
		</package>
		<package branch-rate="0" complexity="0" line-rate="1" name="bin.gcp">
			<classes>
				<class branch-rate="0" complexity="0" filename="bin/gcp/__init__.py" line-rate="1" name="__init__.py">
					<methods/>
					<lines/>
				</class>
			</classes>
		</package>
		<package branch-rate="0" complexity="0" line-rate="1" name="bin.ingestion">
			<classes>
				<class branch-rate="0" complexity="0" filename="bin/ingestion/__init__.py" line-rate="1" name="__init__.py">
					<methods/>
					<lines/>
				</class>
			</classes>
		</package>
		<package branch-rate="0" complexity="0" line-rate="1" name="bin.security">
			<classes>
				<class branch-rate="0" complexity="0" filename="bin/security/__init__.py" line-rate="1" name="__init__.py">
					<methods/>
					<lines/>
				</class>
			</classes>
		</package>
		<package branch-rate="0" complexity="0" line-rate="1" name="pyspark_ingestion">
			<classes>
				<class branch-rate="0" complexity="0" filename="pyspark_ingestion/__init__.py" line-rate="1" name="__init__.py">
					<methods/>
					<lines/>
				</class>
			</classes>
		</package>
		<package branch-rate="0" complexity="0" line-rate="1" name="pyspark_ingestion.aws">
			<classes>
				<class branch-rate="0" complexity="0" filename="pyspark_ingestion/aws/__init__.py" line-rate="1" name="__init__.py">
					<methods/>
					<lines/>
				</class>
			</classes>
		</package>
		<package branch-rate="0" complexity="0" line-rate="1" name="pyspark_ingestion.ingestion">
			<classes>
				<class branch-rate="0" complexity="0" filename="pyspark_ingestion/ingestion/__init__.py" line-rate="1" name="__init__.py">
					<methods/>
					<lines/>
				</class>
			</classes>
		</package>
		<package branch-rate="0" complexity="0" line-rate="1" name="pyspark_ingestion.utils">
			<classes>
				<class branch-rate="0" complexity="0" filename="pyspark_ingestion/utils/__init__.py" line-rate="1" name="__init__.py">
					<methods/>
					<lines/>
				</class>
			</classes>
		</package>
		<package branch-rate="0" complexity="0" line-rate="1" name="test">
			<classes>
				<class branch-rate="0" complexity="0" filename="test/__init__.py" line-rate="1" name="__init__.py">
					<methods/>
					<lines/>
				</class>
			</classes>
		</package>
	</packages>
</coverage>
